Determining if the pthread_create exist failed with the following output:
Change Dir: /home/Ubuntu_1/ROS/rostensor_v1/build/CMakeFiles/CMakeTmp

Run Build Command:"/usr/bin/make" "cmTC_8acda/fast"
/usr/bin/make -f CMakeFiles/cmTC_8acda.dir/build.make CMakeFiles/cmTC_8acda.dir/build
make[1]: Entering directory '/home/Ubuntu_1/ROS/rostensor_v1/build/CMakeFiles/CMakeTmp'
Building C object CMakeFiles/cmTC_8acda.dir/CheckSymbolExists.c.o
/usr/bin/cc     -o CMakeFiles/cmTC_8acda.dir/CheckSymbolExists.c.o   -c /home/Ubuntu_1/ROS/rostensor_v1/build/CMakeFiles/CMakeTmp/CheckSymbolExists.c
Linking C executable cmTC_8acda
/usr/bin/cmake -E cmake_link_script CMakeFiles/cmTC_8acda.dir/link.txt --verbose=1
/usr/bin/cc       CMakeFiles/cmTC_8acda.dir/CheckSymbolExists.c.o  -o cmTC_8acda -rdynamic 
CMakeFiles/cmTC_8acda.dir/CheckSymbolExists.c.o: In function `main':
CheckSymbolExists.c:(.text+0x16): undefined reference to `pthread_create'
collect2: error: ld returned 1 exit status
CMakeFiles/cmTC_8acda.dir/build.make:97: recipe for target 'cmTC_8acda' failed
make[1]: *** [cmTC_8acda] Error 1
make[1]: Leaving directory '/home/Ubuntu_1/ROS/rostensor_v1/build/CMakeFiles/CMakeTmp'
Makefile:126: recipe for target 'cmTC_8acda/fast' failed
make: *** [cmTC_8acda/fast] Error 2

File /home/Ubuntu_1/ROS/rostensor_v1/build/CMakeFiles/CMakeTmp/CheckSymbolExists.c:
/* */
#include <pthread.h>

int main(int argc, char** argv)
{
  (void)argv;
#ifndef pthread_create
  return ((int*)(&pthread_create))[argc];
#else
  (void)argc;
  return 0;
#endif
}

Determining if the function pthread_create exists in the pthreads failed with the following output:
Change Dir: /home/Ubuntu_1/ROS/rostensor_v1/build/CMakeFiles/CMakeTmp

Run Build Command:"/usr/bin/make" "cmTC_cdf93/fast"
/usr/bin/make -f CMakeFiles/cmTC_cdf93.dir/build.make CMakeFiles/cmTC_cdf93.dir/build
make[1]: Entering directory '/home/Ubuntu_1/ROS/rostensor_v1/build/CMakeFiles/CMakeTmp'
Building C object CMakeFiles/cmTC_cdf93.dir/CheckFunctionExists.c.o
/usr/bin/cc    -DCHECK_FUNCTION_EXISTS=pthread_create   -o CMakeFiles/cmTC_cdf93.dir/CheckFunctionExists.c.o   -c /usr/share/cmake-3.5/Modules/CheckFunctionExists.c
Linking C executable cmTC_cdf93
/usr/bin/cmake -E cmake_link_script CMakeFiles/cmTC_cdf93.dir/link.txt --verbose=1
/usr/bin/cc   -DCHECK_FUNCTION_EXISTS=pthread_create    CMakeFiles/cmTC_cdf93.dir/CheckFunctionExists.c.o  -o cmTC_cdf93 -rdynamic -lpthreads 
/usr/bin/ld: cannot find -lpthreads
collect2: error: ld returned 1 exit status
CMakeFiles/cmTC_cdf93.dir/build.make:97: recipe for target 'cmTC_cdf93' failed
make[1]: *** [cmTC_cdf93] Error 1
make[1]: Leaving directory '/home/Ubuntu_1/ROS/rostensor_v1/build/CMakeFiles/CMakeTmp'
Makefile:126: recipe for target 'cmTC_cdf93/fast' failed
make: *** [cmTC_cdf93/fast] Error 2


